<?xml version="1.0" encoding="UTF-8"?>
<!-- Generated by org.testng.reporters.JUnitReportReporter -->
<testsuite hostname="LAPTOP-U8JJ59ON" failures="0" tests="1" name="test.ExtendedReportwithTestng" time="7.686" errors="0" timestamp="2025-06-08T00:35:31 IST" skipped="0">
  <testcase classname="test.ExtendedReportwithTestng" name="test" time="7.686"/>
  <system-out/>
</testsuite> <!-- test.ExtendedReportwithTestng -->
