<?xml version="1.0" encoding="UTF-8"?>
<!-- Generated by org.testng.reporters.JUnitReportReporter -->
<testsuite hostname="LAPTOP-U8JJ59ON" failures="0" tests="3" name="listeners.TestNGListenersDemo2" time="0.009" errors="0" timestamp="2025-06-25T00:05:41 IST" skipped="1">
  <testcase classname="listeners.TestNGListenersDemo2" name="test5" time="0.003"/>
  <system-out/>
  <testcase classname="listeners.TestNGListenersDemo2" name="test4" time="0.003"/>
  <system-out/>
  <testcase classname="listeners.TestNGListenersDemo2" name="test6" time="0.003">
    <skipped/>
  </testcase> <!-- test6 -->
  <system-out/>
</testsuite> <!-- listeners.TestNGListenersDemo2 -->
