<?xml version="1.0" encoding="UTF-8"?>
<!-- Generated by org.testng.reporters.JUnitReportReporter -->
<testsuite hostname="LAPTOP-U8JJ59ON" failures="0" tests="1" name="demo.TestNGParametersDemo" time="0.018" errors="0" timestamp="2025-06-30T23:30:50 IST" skipped="0">
  <testcase classname="demo.TestNGParametersDemo" name="test" time="0.018"/>
  <system-out/>
</testsuite> <!-- demo.TestNGParametersDemo -->
