<?xml version="1.0" encoding="UTF-8"?>
<!-- Generated by org.testng.reporters.JUnitReportReporter -->
<testsuite hostname="LAPTOP-U8JJ59ON" failures="0" tests="1" name="demo.TestNGIgnoreDemo" time="0.018" errors="0" timestamp="2025-07-02T20:56:10 IST" skipped="0">
  <testcase classname="demo.TestNGIgnoreDemo" name="Test2" time="0.018"/>
  <system-out/>
</testsuite> <!-- demo.TestNGIgnoreDemo -->
