<?xml version="1.0" encoding="UTF-8"?>
<!-- Generated by org.testng.reporters.JUnitReportReporter -->
<testsuite hostname="LAPTOP-U8JJ59ON" failures="0" tests="3" name="demo.TestNGDependencyDemo" time="0.019" errors="0" timestamp="2025-07-02T20:33:26 IST" skipped="0">
  <testcase classname="demo.TestNGDependencyDemo" name="test2" time="0.014"/>
  <system-out/>
  <testcase classname="demo.TestNGDependencyDemo" name="test1" time="0.003"/>
  <system-out/>
  <testcase classname="demo.TestNGDependencyDemo" name="test3" time="0.002"/>
  <system-out/>
</testsuite> <!-- demo.TestNGDependencyDemo -->
