<?xml version="1.0" encoding="UTF-8"?>
<!-- Generated by org.testng.reporters.JUnitReportReporter -->
<testsuite hostname="LAPTOP-U8JJ59ON" failures="0" tests="2" name="demo.TestNGMultiBrowserDemo" time="14.649" errors="0" timestamp="2025-06-28T13:52:35 IST" skipped="0">
  <testcase classname="demo.TestNGMultiBrowserDemo" name="test1" time="6.981"/>
  <system-out/>
  <testcase classname="demo.TestNGMultiBrowserDemo" name="test1" time="7.668"/>
  <system-out/>
</testsuite> <!-- demo.TestNGMultiBrowserDemo -->
