<?xml version="1.0" encoding="UTF-8"?>
<!-- Generated by org.testng.reporters.JUnitReportReporter -->
<testsuite hostname="LAPTOP-U8JJ59ON" failures="0" tests="1" name="test.TestNG_Demo" time="6.919" errors="0" timestamp="2025-06-10T18:52:46 IST" skipped="0">
  <testcase classname="test.TestNG_Demo" name="googleSearchTest" time="6.919"/>
  <system-out/>
</testsuite> <!-- test.TestNG_Demo -->
