<?xml version="1.0" encoding="UTF-8"?>
<!-- Generated by org.testng.reporters.JUnitReportReporter -->
<testsuite hostname="LAPTOP-U8JJ59ON" failures="0" tests="3" name="demo.TestNGPriorityDemo" time="0.020" errors="0" timestamp="2025-07-02T20:14:58 IST" skipped="0">
  <testcase classname="demo.TestNGPriorityDemo" name="test2" time="0.015"/>
  <system-out/>
  <testcase classname="demo.TestNGPriorityDemo" name="test3" time="0.002"/>
  <system-out/>
  <testcase classname="demo.TestNGPriorityDemo" name="test1" time="0.003"/>
  <system-out/>
</testsuite> <!-- demo.TestNGPriorityDemo -->
