<?xml version="1.0" encoding="UTF-8"?>
<!-- Generated by org.testng.reporters.JUnitReportReporter -->
<testsuite hostname="LAPTOP-U8JJ59ON" failures="0" tests="2" name="utils.ExcelDataProvider" time="3.173" errors="0" timestamp="2025-06-22T00:39:03 IST" skipped="0">
  <testcase classname="utils.ExcelDataProvider" name="test1" time="1.130"/>
  <system-out/>
  <testcase classname="utils.ExcelDataProvider" name="test1" time="2.043"/>
  <system-out/>
</testsuite> <!-- utils.ExcelDataProvider -->
