<?xml version="1.0" encoding="UTF-8"?>
<!-- Generated by org.testng.reporters.JUnitReportReporter -->
<testsuite hostname="LAPTOP-U8JJ59ON" failures="0" tests="1" name="test.TestNG_Demo2" time="8.048" errors="0" timestamp="2025-06-10T18:36:48 IST" skipped="0">
  <testcase classname="test.TestNG_Demo2" name="googleSearchTest2" time="8.048"/>
  <system-out/>
</testsuite> <!-- test.TestNG_Demo2 -->
